{"uuid":"a9db571b-7779-4431-ae96-6f14dcedbe4e","historyId":"2e2fbaa12f32127f4a78beae1968867","fullName":"javatesting.ex01_Basics.testCasesTest.testCases","labels":[{"name":"package","value":"javatesting.ex01_Basics.testCasesTest"},{"name":"testClass","value":"javatesting.ex01_Basics.testCasesTest"},{"name":"testMethod","value":"testCases"},{"name":"parentSuite","value":"Default Suite"},{"name":"suite","value":"playwrightjava"},{"name":"subSuite","value":"javatesting.ex01_Basics.testCasesTest"},{"name":"host","value":"DESKTOP-BBDC0HM"},{"name":"thread","value":"25516@DESKTOP-BBDC0HM.main(1)"},{"name":"framework","value":"testng"},{"name":"language","value":"java"}],"links":[],"name":"testCases","status":"broken","statusDetails":{"known":false,"muted":false,"flaky":false,"message":"Error {\n  message='Error: strict mode violation: locator(\"//div[@class='panel-group']\") resolved to 27 elements:\n    1) <div class=\"panel-group\">…</div> aka locator(\"div\").filter(new Locator.FilterOptions().setHasText(\"Below is the list of test\")).nth(1)\n    2) <div class=\"panel-group\">…</div> aka locator(\"div\").filter(new Locator.FilterOptions().setHasText(\"Test Case 2: Login User with\")).nth(1)\n    3) <div class=\"panel-group\">…</div> aka locator(\"div\").filter(new Locator.FilterOptions().setHasText(\"Test Case 3: Login User with\")).nth(1)\n    4) <div class=\"panel-group\">…</div> aka locator(\"div\").filter(new Locator.FilterOptions().setHasText(\"Test Case 4: Logout User 1.\")).nth(1)\n    5) <div class=\"panel-group\">…</div> aka locator(\"div\").filter(new Locator.FilterOptions().setHasText(\"Test Case 5: Register User\")).nth(1)\n    6) <div class=\"panel-group\">…</div> aka locator(\"div\").filter(new Locator.FilterOptions().setHasText(\"Test Case 6: Contact Us Form\")).nth(1)\n    7) <div class=\"panel-group\">…</div> aka locator(\"div\").filter(new Locator.FilterOptions().setHasText(\"Test Case 7: Verify Test\")).nth(1)\n    8) <div class=\"panel-group\">…</div> aka locator(\"div\").filter(new Locator.FilterOptions().setHasText(\"Test Case 8: Verify All\")).nth(1)\n    9) <div class=\"panel-group\">…</div> aka locator(\"div\").filter(new Locator.FilterOptions().setHasText(\"Test Case 9: Search Product 1\")).nth(1)\n    10) <div class=\"panel-group\">…</div> aka locator(\"div\").filter(new Locator.FilterOptions().setHasText(\"Test Case 10: Verify\")).nth(1)\n    ...\n\n  name='Error\n  stack='Error: Error: strict mode violation: locator(\"//div[@class='panel-group']\") resolved to 27 elements:\n    1) <div class=\"panel-group\">…</div> aka locator(\"div\").filter(new Locator.FilterOptions().setHasText(\"Below is the list of test\")).nth(1)\n    2) <div class=\"panel-group\">…</div> aka locator(\"div\").filter(new Locator.FilterOptions().setHasText(\"Test Case 2: Login User with\")).nth(1)\n    3) <div class=\"panel-group\">…</div> aka locator(\"div\").filter(new Locator.FilterOptions().setHasText(\"Test Case 3: Login User with\")).nth(1)\n    4) <div class=\"panel-group\">…</div> aka locator(\"div\").filter(new Locator.FilterOptions().setHasText(\"Test Case 4: Logout User 1.\")).nth(1)\n    5) <div class=\"panel-group\">…</div> aka locator(\"div\").filter(new Locator.FilterOptions().setHasText(\"Test Case 5: Register User\")).nth(1)\n    6) <div class=\"panel-group\">…</div> aka locator(\"div\").filter(new Locator.FilterOptions().setHasText(\"Test Case 6: Contact Us Form\")).nth(1)\n    7) <div class=\"panel-group\">…</div> aka locator(\"div\").filter(new Locator.FilterOptions().setHasText(\"Test Case 7: Verify Test\")).nth(1)\n    8) <div class=\"panel-group\">…</div> aka locator(\"div\").filter(new Locator.FilterOptions().setHasText(\"Test Case 8: Verify All\")).nth(1)\n    9) <div class=\"panel-group\">…</div> aka locator(\"div\").filter(new Locator.FilterOptions().setHasText(\"Test Case 9: Search Product 1\")).nth(1)\n    10) <div class=\"panel-group\">…</div> aka locator(\"div\").filter(new Locator.FilterOptions().setHasText(\"Test Case 10: Verify\")).nth(1)\n    ...\n\n    at CRExecutionContext.evaluateWithArguments (C:\\Users\\laxpa\\AppData\\Local\\Temp\\playwright-java-7716020800191406364\\package\\lib\\server\\chromium\\crExecutionContext.js:92:33)\n    at runNextTicks (node:internal/process/task_queues:60:5)\n    at process.processImmediate (node:internal/timers:449:9)\n    at async LongStandingScope._race (C:\\Users\\laxpa\\AppData\\Local\\Temp\\playwright-java-7716020800191406364\\package\\lib\\utils\\manualPromise.js:96:14)\n    at async evaluateExpression (C:\\Users\\laxpa\\AppData\\Local\\Temp\\playwright-java-7716020800191406364\\package\\lib\\server\\javascript.js:241:12)\n    at async C:\\Users\\laxpa\\AppData\\Local\\Temp\\playwright-java-7716020800191406364\\package\\lib\\server\\frames.js:628:24\n    at async Frame.retryWithProgressAndTimeouts (C:\\Users\\laxpa\\AppData\\Local\\Temp\\playwright-java-7716020800191406364\\package\\lib\\server\\frames.js:917:24)\n    at async ProgressController.run (C:\\Users\\laxpa\\AppData\\Local\\Temp\\playwright-java-7716020800191406364\\package\\lib\\server\\progress.js:82:22)\n    at async FrameDispatcher.waitForSelector (C:\\Users\\laxpa\\AppData\\Local\\Temp\\playwright-java-7716020800191406364\\package\\lib\\server\\dispatchers\\frameDispatcher.js:106:85)\n    at async LongStandingScope._race (C:\\Users\\laxpa\\AppData\\Local\\Temp\\playwright-java-7716020800191406364\\package\\lib\\utils\\manualPromise.js:96:14)\n}\nCall log:\n- waiting for locator(\"//div[@class='panel-group']\")\n","trace":"com.microsoft.playwright.PlaywrightException: Error {\n  message='Error: strict mode violation: locator(\"//div[@class='panel-group']\") resolved to 27 elements:\n    1) <div class=\"panel-group\">…</div> aka locator(\"div\").filter(new Locator.FilterOptions().setHasText(\"Below is the list of test\")).nth(1)\n    2) <div class=\"panel-group\">…</div> aka locator(\"div\").filter(new Locator.FilterOptions().setHasText(\"Test Case 2: Login User with\")).nth(1)\n    3) <div class=\"panel-group\">…</div> aka locator(\"div\").filter(new Locator.FilterOptions().setHasText(\"Test Case 3: Login User with\")).nth(1)\n    4) <div class=\"panel-group\">…</div> aka locator(\"div\").filter(new Locator.FilterOptions().setHasText(\"Test Case 4: Logout User 1.\")).nth(1)\n    5) <div class=\"panel-group\">…</div> aka locator(\"div\").filter(new Locator.FilterOptions().setHasText(\"Test Case 5: Register User\")).nth(1)\n    6) <div class=\"panel-group\">…</div> aka locator(\"div\").filter(new Locator.FilterOptions().setHasText(\"Test Case 6: Contact Us Form\")).nth(1)\n    7) <div class=\"panel-group\">…</div> aka locator(\"div\").filter(new Locator.FilterOptions().setHasText(\"Test Case 7: Verify Test\")).nth(1)\n    8) <div class=\"panel-group\">…</div> aka locator(\"div\").filter(new Locator.FilterOptions().setHasText(\"Test Case 8: Verify All\")).nth(1)\n    9) <div class=\"panel-group\">…</div> aka locator(\"div\").filter(new Locator.FilterOptions().setHasText(\"Test Case 9: Search Product 1\")).nth(1)\n    10) <div class=\"panel-group\">…</div> aka locator(\"div\").filter(new Locator.FilterOptions().setHasText(\"Test Case 10: Verify\")).nth(1)\n    ...\n\n  name='Error\n  stack='Error: Error: strict mode violation: locator(\"//div[@class='panel-group']\") resolved to 27 elements:\n    1) <div class=\"panel-group\">…</div> aka locator(\"div\").filter(new Locator.FilterOptions().setHasText(\"Below is the list of test\")).nth(1)\n    2) <div class=\"panel-group\">…</div> aka locator(\"div\").filter(new Locator.FilterOptions().setHasText(\"Test Case 2: Login User with\")).nth(1)\n    3) <div class=\"panel-group\">…</div> aka locator(\"div\").filter(new Locator.FilterOptions().setHasText(\"Test Case 3: Login User with\")).nth(1)\n    4) <div class=\"panel-group\">…</div> aka locator(\"div\").filter(new Locator.FilterOptions().setHasText(\"Test Case 4: Logout User 1.\")).nth(1)\n    5) <div class=\"panel-group\">…</div> aka locator(\"div\").filter(new Locator.FilterOptions().setHasText(\"Test Case 5: Register User\")).nth(1)\n    6) <div class=\"panel-group\">…</div> aka locator(\"div\").filter(new Locator.FilterOptions().setHasText(\"Test Case 6: Contact Us Form\")).nth(1)\n    7) <div class=\"panel-group\">…</div> aka locator(\"div\").filter(new Locator.FilterOptions().setHasText(\"Test Case 7: Verify Test\")).nth(1)\n    8) <div class=\"panel-group\">…</div> aka locator(\"div\").filter(new Locator.FilterOptions().setHasText(\"Test Case 8: Verify All\")).nth(1)\n    9) <div class=\"panel-group\">…</div> aka locator(\"div\").filter(new Locator.FilterOptions().setHasText(\"Test Case 9: Search Product 1\")).nth(1)\n    10) <div class=\"panel-group\">…</div> aka locator(\"div\").filter(new Locator.FilterOptions().setHasText(\"Test Case 10: Verify\")).nth(1)\n    ...\n\n    at CRExecutionContext.evaluateWithArguments (C:\\Users\\laxpa\\AppData\\Local\\Temp\\playwright-java-7716020800191406364\\package\\lib\\server\\chromium\\crExecutionContext.js:92:33)\n    at runNextTicks (node:internal/process/task_queues:60:5)\n    at process.processImmediate (node:internal/timers:449:9)\n    at async LongStandingScope._race (C:\\Users\\laxpa\\AppData\\Local\\Temp\\playwright-java-7716020800191406364\\package\\lib\\utils\\manualPromise.js:96:14)\n    at async evaluateExpression (C:\\Users\\laxpa\\AppData\\Local\\Temp\\playwright-java-7716020800191406364\\package\\lib\\server\\javascript.js:241:12)\n    at async C:\\Users\\laxpa\\AppData\\Local\\Temp\\playwright-java-7716020800191406364\\package\\lib\\server\\frames.js:628:24\n    at async Frame.retryWithProgressAndTimeouts (C:\\Users\\laxpa\\AppData\\Local\\Temp\\playwright-java-7716020800191406364\\package\\lib\\server\\frames.js:917:24)\n    at async ProgressController.run (C:\\Users\\laxpa\\AppData\\Local\\Temp\\playwright-java-7716020800191406364\\package\\lib\\server\\progress.js:82:22)\n    at async FrameDispatcher.waitForSelector (C:\\Users\\laxpa\\AppData\\Local\\Temp\\playwright-java-7716020800191406364\\package\\lib\\server\\dispatchers\\frameDispatcher.js:106:85)\n    at async LongStandingScope._race (C:\\Users\\laxpa\\AppData\\Local\\Temp\\playwright-java-7716020800191406364\\package\\lib\\utils\\manualPromise.js:96:14)\n}\nCall log:\n- waiting for locator(\"//div[@class='panel-group']\")\n\r\n\tat com.microsoft.playwright.impl.WaitableResult.get(WaitableResult.java:56)\r\n\tat com.microsoft.playwright.impl.ChannelOwner.runUntil(ChannelOwner.java:120)\r\n\tat com.microsoft.playwright.impl.Connection.sendMessage(Connection.java:130)\r\n\tat com.microsoft.playwright.impl.ChannelOwner.sendMessage(ChannelOwner.java:106)\r\n\tat com.microsoft.playwright.impl.FrameImpl.waitForSelectorImpl(FrameImpl.java:1060)\r\n\tat com.microsoft.playwright.impl.FrameImpl.waitForSelectorImpl(FrameImpl.java:1050)\r\n\tat com.microsoft.playwright.impl.FrameImpl.lambda$waitForSelector$46(FrameImpl.java:1046)\r\n\tat com.microsoft.playwright.impl.LoggingSupport.withLogging(LoggingSupport.java:47)\r\n\tat com.microsoft.playwright.impl.ChannelOwner.withLogging(ChannelOwner.java:89)\r\n\tat com.microsoft.playwright.impl.FrameImpl.waitForSelector(FrameImpl.java:1046)\r\n\tat com.microsoft.playwright.impl.LocatorImpl.elementHandle(LocatorImpl.java:202)\r\n\tat com.microsoft.playwright.impl.LocatorImpl.withElement(LocatorImpl.java:84)\r\n\tat com.microsoft.playwright.impl.LocatorImpl.scrollIntoViewIfNeeded(LocatorImpl.java:476)\r\n\tat com.microsoft.playwright.Locator.scrollIntoViewIfNeeded(Locator.java:4368)\r\n\tat pages.TestCasesPage.clickEachTestCase(TestCasesPage.java:37)\r\n\tat javatesting.ex01_Basics.testCasesTest.testCases(testCasesTest.java:34)\r\n\tat java.base/jdk.internal.reflect.DirectMethodHandleAccessor.invoke(DirectMethodHandleAccessor.java:103)\r\n\tat java.base/java.lang.reflect.Method.invoke(Method.java:580)\r\n\tat org.testng.internal.invokers.MethodInvocationHelper.invokeMethod(MethodInvocationHelper.java:141)\r\n\tat org.testng.internal.invokers.TestInvoker.invokeMethod(TestInvoker.java:686)\r\n\tat org.testng.internal.invokers.TestInvoker.invokeTestMethod(TestInvoker.java:230)\r\n\tat org.testng.internal.invokers.MethodRunner.runInSequence(MethodRunner.java:63)\r\n\tat org.testng.internal.invokers.TestInvoker$MethodInvocationAgent.invoke(TestInvoker.java:992)\r\n\tat org.testng.internal.invokers.TestInvoker.invokeTestMethods(TestInvoker.java:203)\r\n\tat org.testng.internal.invokers.TestMethodWorker.invokeTestMethods(TestMethodWorker.java:154)\r\n\tat org.testng.internal.invokers.TestMethodWorker.run(TestMethodWorker.java:134)\r\n\tat java.base/java.util.ArrayList.forEach(ArrayList.java:1597)\r\n\tat org.testng.TestRunner.privateRun(TestRunner.java:739)\r\n\tat org.testng.TestRunner.run(TestRunner.java:614)\r\n\tat org.testng.SuiteRunner.runTest(SuiteRunner.java:421)\r\n\tat org.testng.SuiteRunner.runSequentially(SuiteRunner.java:413)\r\n\tat org.testng.SuiteRunner.privateRun(SuiteRunner.java:373)\r\n\tat org.testng.SuiteRunner.run(SuiteRunner.java:312)\r\n\tat org.testng.SuiteRunnerWorker.runSuite(SuiteRunnerWorker.java:52)\r\n\tat org.testng.SuiteRunnerWorker.run(SuiteRunnerWorker.java:95)\r\n\tat org.testng.TestNG.runSuitesSequentially(TestNG.java:1274)\r\n\tat org.testng.TestNG.runSuitesLocally(TestNG.java:1208)\r\n\tat org.testng.TestNG.runSuites(TestNG.java:1112)\r\n\tat org.testng.TestNG.run(TestNG.java:1079)\r\n\tat com.intellij.rt.testng.IDEARemoteTestNG.run(IDEARemoteTestNG.java:65)\r\n\tat com.intellij.rt.testng.RemoteTestNGStarter.main(RemoteTestNGStarter.java:105)\r\nCaused by: com.microsoft.playwright.impl.DriverException: Error {\n  message='Error: strict mode violation: locator(\"//div[@class='panel-group']\") resolved to 27 elements:\n    1) <div class=\"panel-group\">…</div> aka locator(\"div\").filter(new Locator.FilterOptions().setHasText(\"Below is the list of test\")).nth(1)\n    2) <div class=\"panel-group\">…</div> aka locator(\"div\").filter(new Locator.FilterOptions().setHasText(\"Test Case 2: Login User with\")).nth(1)\n    3) <div class=\"panel-group\">…</div> aka locator(\"div\").filter(new Locator.FilterOptions().setHasText(\"Test Case 3: Login User with\")).nth(1)\n    4) <div class=\"panel-group\">…</div> aka locator(\"div\").filter(new Locator.FilterOptions().setHasText(\"Test Case 4: Logout User 1.\")).nth(1)\n    5) <div class=\"panel-group\">…</div> aka locator(\"div\").filter(new Locator.FilterOptions().setHasText(\"Test Case 5: Register User\")).nth(1)\n    6) <div class=\"panel-group\">…</div> aka locator(\"div\").filter(new Locator.FilterOptions().setHasText(\"Test Case 6: Contact Us Form\")).nth(1)\n    7) <div class=\"panel-group\">…</div> aka locator(\"div\").filter(new Locator.FilterOptions().setHasText(\"Test Case 7: Verify Test\")).nth(1)\n    8) <div class=\"panel-group\">…</div> aka locator(\"div\").filter(new Locator.FilterOptions().setHasText(\"Test Case 8: Verify All\")).nth(1)\n    9) <div class=\"panel-group\">…</div> aka locator(\"div\").filter(new Locator.FilterOptions().setHasText(\"Test Case 9: Search Product 1\")).nth(1)\n    10) <div class=\"panel-group\">…</div> aka locator(\"div\").filter(new Locator.FilterOptions().setHasText(\"Test Case 10: Verify\")).nth(1)\n    ...\n\n  name='Error\n  stack='Error: Error: strict mode violation: locator(\"//div[@class='panel-group']\") resolved to 27 elements:\n    1) <div class=\"panel-group\">…</div> aka locator(\"div\").filter(new Locator.FilterOptions().setHasText(\"Below is the list of test\")).nth(1)\n    2) <div class=\"panel-group\">…</div> aka locator(\"div\").filter(new Locator.FilterOptions().setHasText(\"Test Case 2: Login User with\")).nth(1)\n    3) <div class=\"panel-group\">…</div> aka locator(\"div\").filter(new Locator.FilterOptions().setHasText(\"Test Case 3: Login User with\")).nth(1)\n    4) <div class=\"panel-group\">…</div> aka locator(\"div\").filter(new Locator.FilterOptions().setHasText(\"Test Case 4: Logout User 1.\")).nth(1)\n    5) <div class=\"panel-group\">…</div> aka locator(\"div\").filter(new Locator.FilterOptions().setHasText(\"Test Case 5: Register User\")).nth(1)\n    6) <div class=\"panel-group\">…</div> aka locator(\"div\").filter(new Locator.FilterOptions().setHasText(\"Test Case 6: Contact Us Form\")).nth(1)\n    7) <div class=\"panel-group\">…</div> aka locator(\"div\").filter(new Locator.FilterOptions().setHasText(\"Test Case 7: Verify Test\")).nth(1)\n    8) <div class=\"panel-group\">…</div> aka locator(\"div\").filter(new Locator.FilterOptions().setHasText(\"Test Case 8: Verify All\")).nth(1)\n    9) <div class=\"panel-group\">…</div> aka locator(\"div\").filter(new Locator.FilterOptions().setHasText(\"Test Case 9: Search Product 1\")).nth(1)\n    10) <div class=\"panel-group\">…</div> aka locator(\"div\").filter(new Locator.FilterOptions().setHasText(\"Test Case 10: Verify\")).nth(1)\n    ...\n\n    at CRExecutionContext.evaluateWithArguments (C:\\Users\\laxpa\\AppData\\Local\\Temp\\playwright-java-7716020800191406364\\package\\lib\\server\\chromium\\crExecutionContext.js:92:33)\n    at runNextTicks (node:internal/process/task_queues:60:5)\n    at process.processImmediate (node:internal/timers:449:9)\n    at async LongStandingScope._race (C:\\Users\\laxpa\\AppData\\Local\\Temp\\playwright-java-7716020800191406364\\package\\lib\\utils\\manualPromise.js:96:14)\n    at async evaluateExpression (C:\\Users\\laxpa\\AppData\\Local\\Temp\\playwright-java-7716020800191406364\\package\\lib\\server\\javascript.js:241:12)\n    at async C:\\Users\\laxpa\\AppData\\Local\\Temp\\playwright-java-7716020800191406364\\package\\lib\\server\\frames.js:628:24\n    at async Frame.retryWithProgressAndTimeouts (C:\\Users\\laxpa\\AppData\\Local\\Temp\\playwright-java-7716020800191406364\\package\\lib\\server\\frames.js:917:24)\n    at async ProgressController.run (C:\\Users\\laxpa\\AppData\\Local\\Temp\\playwright-java-7716020800191406364\\package\\lib\\server\\progress.js:82:22)\n    at async FrameDispatcher.waitForSelector (C:\\Users\\laxpa\\AppData\\Local\\Temp\\playwright-java-7716020800191406364\\package\\lib\\server\\dispatchers\\frameDispatcher.js:106:85)\n    at async LongStandingScope._race (C:\\Users\\laxpa\\AppData\\Local\\Temp\\playwright-java-7716020800191406364\\package\\lib\\utils\\manualPromise.js:96:14)\n}\nCall log:\n- waiting for locator(\"//div[@class='panel-group']\")\n\r\n\tat com.microsoft.playwright.impl.Connection.dispatch(Connection.java:259)\r\n\tat com.microsoft.playwright.impl.Connection.processOneMessage(Connection.java:211)\r\n\tat com.microsoft.playwright.impl.ChannelOwner.runUntil(ChannelOwner.java:118)\r\n\t... 39 more\r\n"},"stage":"finished","steps":[],"attachments":[],"parameters":[],"start":1750245474615,"stop":1750245493804}