{"uuid":"e3e3b996-e0d5-450f-99fa-64897f3e64fd","historyId":"2e2fbaa12f32127f4a78beae1968867","fullName":"javatesting.ex01_Basics.testCasesTest.testCases","labels":[{"name":"package","value":"javatesting.ex01_Basics.testCasesTest"},{"name":"testClass","value":"javatesting.ex01_Basics.testCasesTest"},{"name":"testMethod","value":"testCases"},{"name":"parentSuite","value":"Default Suite"},{"name":"suite","value":"playwrightjava"},{"name":"subSuite","value":"javatesting.ex01_Basics.testCasesTest"},{"name":"host","value":"DESKTOP-BBDC0HM"},{"name":"thread","value":"27472@DESKTOP-BBDC0HM.main(1)"},{"name":"framework","value":"testng"},{"name":"language","value":"java"}],"links":[],"name":"testCases","status":"broken","statusDetails":{"known":false,"muted":false,"flaky":false,"message":"Error {\n  message='Error: strict mode violation: locator(\"//a[@href= '/test_cases']\") resolved to 4 elements:\n    1) <a href=\"/test_cases\">…</a> aka getByRole(AriaRole.LINK, new Page.GetByRoleOptions().setName(\" Test Cases\"))\n    2) <a href=\"/test_cases\" class=\"test_cases_list\">…</a> aka getByRole(AriaRole.LINK, new Page.GetByRoleOptions().setName(\"Test Cases\").setExact(true))\n    3) <a href=\"/test_cases\" class=\"test_cases_list\">…</a> aka locator(\"a\").filter(new Locator.FilterOptions().setHasText(\"Test Cases\")).nth(2)\n    4) <a href=\"/test_cases\" class=\"test_cases_list\">…</a> aka locator(\"a\").filter(new Locator.FilterOptions().setHasText(\"Test Cases\")).nth(3)\n\n  name='Error\n  stack='Error: Error: strict mode violation: locator(\"//a[@href= '/test_cases']\") resolved to 4 elements:\n    1) <a href=\"/test_cases\">…</a> aka getByRole(AriaRole.LINK, new Page.GetByRoleOptions().setName(\" Test Cases\"))\n    2) <a href=\"/test_cases\" class=\"test_cases_list\">…</a> aka getByRole(AriaRole.LINK, new Page.GetByRoleOptions().setName(\"Test Cases\").setExact(true))\n    3) <a href=\"/test_cases\" class=\"test_cases_list\">…</a> aka locator(\"a\").filter(new Locator.FilterOptions().setHasText(\"Test Cases\")).nth(2)\n    4) <a href=\"/test_cases\" class=\"test_cases_list\">…</a> aka locator(\"a\").filter(new Locator.FilterOptions().setHasText(\"Test Cases\")).nth(3)\n\n    at CRExecutionContext.evaluateWithArguments (C:\\Users\\laxpa\\AppData\\Local\\Temp\\playwright-java-127576380936617839\\package\\lib\\server\\chromium\\crExecutionContext.js:92:33)\n    at async LongStandingScope._race (C:\\Users\\laxpa\\AppData\\Local\\Temp\\playwright-java-127576380936617839\\package\\lib\\utils\\manualPromise.js:96:14)\n    at async evaluateExpression (C:\\Users\\laxpa\\AppData\\Local\\Temp\\playwright-java-127576380936617839\\package\\lib\\server\\javascript.js:241:12)\n    at async C:\\Users\\laxpa\\AppData\\Local\\Temp\\playwright-java-127576380936617839\\package\\lib\\server\\frames.js:947:22\n    at async Frame.retryWithProgressAndTimeouts (C:\\Users\\laxpa\\AppData\\Local\\Temp\\playwright-java-127576380936617839\\package\\lib\\server\\frames.js:917:24)\n    at async C:\\Users\\laxpa\\AppData\\Local\\Temp\\playwright-java-127576380936617839\\package\\lib\\server\\frames.js:1002:29\n    at async ProgressController.run (C:\\Users\\laxpa\\AppData\\Local\\Temp\\playwright-java-127576380936617839\\package\\lib\\server\\progress.js:82:22)\n    at async FrameDispatcher.click (C:\\Users\\laxpa\\AppData\\Local\\Temp\\playwright-java-127576380936617839\\package\\lib\\server\\dispatchers\\frameDispatcher.js:158:12)\n    at async LongStandingScope._race (C:\\Users\\laxpa\\AppData\\Local\\Temp\\playwright-java-127576380936617839\\package\\lib\\utils\\manualPromise.js:96:14)\n    at async FrameDispatcher._handleCommand (C:\\Users\\laxpa\\AppData\\Local\\Temp\\playwright-java-127576380936617839\\package\\lib\\server\\dispatchers\\dispatcher.js:96:14)\n}\nCall log:\n- waiting for locator(\"//a[@href= '/test_cases']\")\n","trace":"com.microsoft.playwright.PlaywrightException: Error {\n  message='Error: strict mode violation: locator(\"//a[@href= '/test_cases']\") resolved to 4 elements:\n    1) <a href=\"/test_cases\">…</a> aka getByRole(AriaRole.LINK, new Page.GetByRoleOptions().setName(\" Test Cases\"))\n    2) <a href=\"/test_cases\" class=\"test_cases_list\">…</a> aka getByRole(AriaRole.LINK, new Page.GetByRoleOptions().setName(\"Test Cases\").setExact(true))\n    3) <a href=\"/test_cases\" class=\"test_cases_list\">…</a> aka locator(\"a\").filter(new Locator.FilterOptions().setHasText(\"Test Cases\")).nth(2)\n    4) <a href=\"/test_cases\" class=\"test_cases_list\">…</a> aka locator(\"a\").filter(new Locator.FilterOptions().setHasText(\"Test Cases\")).nth(3)\n\n  name='Error\n  stack='Error: Error: strict mode violation: locator(\"//a[@href= '/test_cases']\") resolved to 4 elements:\n    1) <a href=\"/test_cases\">…</a> aka getByRole(AriaRole.LINK, new Page.GetByRoleOptions().setName(\" Test Cases\"))\n    2) <a href=\"/test_cases\" class=\"test_cases_list\">…</a> aka getByRole(AriaRole.LINK, new Page.GetByRoleOptions().setName(\"Test Cases\").setExact(true))\n    3) <a href=\"/test_cases\" class=\"test_cases_list\">…</a> aka locator(\"a\").filter(new Locator.FilterOptions().setHasText(\"Test Cases\")).nth(2)\n    4) <a href=\"/test_cases\" class=\"test_cases_list\">…</a> aka locator(\"a\").filter(new Locator.FilterOptions().setHasText(\"Test Cases\")).nth(3)\n\n    at CRExecutionContext.evaluateWithArguments (C:\\Users\\laxpa\\AppData\\Local\\Temp\\playwright-java-127576380936617839\\package\\lib\\server\\chromium\\crExecutionContext.js:92:33)\n    at async LongStandingScope._race (C:\\Users\\laxpa\\AppData\\Local\\Temp\\playwright-java-127576380936617839\\package\\lib\\utils\\manualPromise.js:96:14)\n    at async evaluateExpression (C:\\Users\\laxpa\\AppData\\Local\\Temp\\playwright-java-127576380936617839\\package\\lib\\server\\javascript.js:241:12)\n    at async C:\\Users\\laxpa\\AppData\\Local\\Temp\\playwright-java-127576380936617839\\package\\lib\\server\\frames.js:947:22\n    at async Frame.retryWithProgressAndTimeouts (C:\\Users\\laxpa\\AppData\\Local\\Temp\\playwright-java-127576380936617839\\package\\lib\\server\\frames.js:917:24)\n    at async C:\\Users\\laxpa\\AppData\\Local\\Temp\\playwright-java-127576380936617839\\package\\lib\\server\\frames.js:1002:29\n    at async ProgressController.run (C:\\Users\\laxpa\\AppData\\Local\\Temp\\playwright-java-127576380936617839\\package\\lib\\server\\progress.js:82:22)\n    at async FrameDispatcher.click (C:\\Users\\laxpa\\AppData\\Local\\Temp\\playwright-java-127576380936617839\\package\\lib\\server\\dispatchers\\frameDispatcher.js:158:12)\n    at async LongStandingScope._race (C:\\Users\\laxpa\\AppData\\Local\\Temp\\playwright-java-127576380936617839\\package\\lib\\utils\\manualPromise.js:96:14)\n    at async FrameDispatcher._handleCommand (C:\\Users\\laxpa\\AppData\\Local\\Temp\\playwright-java-127576380936617839\\package\\lib\\server\\dispatchers\\dispatcher.js:96:14)\n}\nCall log:\n- waiting for locator(\"//a[@href= '/test_cases']\")\n\r\n\tat com.microsoft.playwright.impl.WaitableResult.get(WaitableResult.java:56)\r\n\tat com.microsoft.playwright.impl.ChannelOwner.runUntil(ChannelOwner.java:120)\r\n\tat com.microsoft.playwright.impl.Connection.sendMessage(Connection.java:130)\r\n\tat com.microsoft.playwright.impl.ChannelOwner.sendMessage(ChannelOwner.java:106)\r\n\tat com.microsoft.playwright.impl.FrameImpl.clickImpl(FrameImpl.java:252)\r\n\tat com.microsoft.playwright.impl.FrameImpl.lambda$click$8(FrameImpl.java:243)\r\n\tat com.microsoft.playwright.impl.LoggingSupport.lambda$withLogging$0(LoggingSupport.java:36)\r\n\tat com.microsoft.playwright.impl.LoggingSupport.withLogging(LoggingSupport.java:47)\r\n\tat com.microsoft.playwright.impl.ChannelOwner.withLogging(ChannelOwner.java:89)\r\n\tat com.microsoft.playwright.impl.LoggingSupport.withLogging(LoggingSupport.java:35)\r\n\tat com.microsoft.playwright.impl.FrameImpl.click(FrameImpl.java:243)\r\n\tat com.microsoft.playwright.impl.LocatorImpl.click(LocatorImpl.java:160)\r\n\tat com.microsoft.playwright.Locator.click(Locator.java:2460)\r\n\tat pages.HomePage.click_test_case_btn(HomePage.java:40)\r\n\tat javatesting.ex01_Basics.testCasesTest.testCases(testCasesTest.java:34)\r\n\tat java.base/jdk.internal.reflect.DirectMethodHandleAccessor.invoke(DirectMethodHandleAccessor.java:103)\r\n\tat java.base/java.lang.reflect.Method.invoke(Method.java:580)\r\n\tat org.testng.internal.invokers.MethodInvocationHelper.invokeMethod(MethodInvocationHelper.java:141)\r\n\tat org.testng.internal.invokers.TestInvoker.invokeMethod(TestInvoker.java:686)\r\n\tat org.testng.internal.invokers.TestInvoker.invokeTestMethod(TestInvoker.java:230)\r\n\tat org.testng.internal.invokers.MethodRunner.runInSequence(MethodRunner.java:63)\r\n\tat org.testng.internal.invokers.TestInvoker$MethodInvocationAgent.invoke(TestInvoker.java:992)\r\n\tat org.testng.internal.invokers.TestInvoker.invokeTestMethods(TestInvoker.java:203)\r\n\tat org.testng.internal.invokers.TestMethodWorker.invokeTestMethods(TestMethodWorker.java:154)\r\n\tat org.testng.internal.invokers.TestMethodWorker.run(TestMethodWorker.java:134)\r\n\tat java.base/java.util.ArrayList.forEach(ArrayList.java:1597)\r\n\tat org.testng.TestRunner.privateRun(TestRunner.java:739)\r\n\tat org.testng.TestRunner.run(TestRunner.java:614)\r\n\tat org.testng.SuiteRunner.runTest(SuiteRunner.java:421)\r\n\tat org.testng.SuiteRunner.runSequentially(SuiteRunner.java:413)\r\n\tat org.testng.SuiteRunner.privateRun(SuiteRunner.java:373)\r\n\tat org.testng.SuiteRunner.run(SuiteRunner.java:312)\r\n\tat org.testng.SuiteRunnerWorker.runSuite(SuiteRunnerWorker.java:52)\r\n\tat org.testng.SuiteRunnerWorker.run(SuiteRunnerWorker.java:95)\r\n\tat org.testng.TestNG.runSuitesSequentially(TestNG.java:1274)\r\n\tat org.testng.TestNG.runSuitesLocally(TestNG.java:1208)\r\n\tat org.testng.TestNG.runSuites(TestNG.java:1112)\r\n\tat org.testng.TestNG.run(TestNG.java:1079)\r\n\tat com.intellij.rt.testng.IDEARemoteTestNG.run(IDEARemoteTestNG.java:65)\r\n\tat com.intellij.rt.testng.RemoteTestNGStarter.main(RemoteTestNGStarter.java:105)\r\nCaused by: com.microsoft.playwright.impl.DriverException: Error {\n  message='Error: strict mode violation: locator(\"//a[@href= '/test_cases']\") resolved to 4 elements:\n    1) <a href=\"/test_cases\">…</a> aka getByRole(AriaRole.LINK, new Page.GetByRoleOptions().setName(\" Test Cases\"))\n    2) <a href=\"/test_cases\" class=\"test_cases_list\">…</a> aka getByRole(AriaRole.LINK, new Page.GetByRoleOptions().setName(\"Test Cases\").setExact(true))\n    3) <a href=\"/test_cases\" class=\"test_cases_list\">…</a> aka locator(\"a\").filter(new Locator.FilterOptions().setHasText(\"Test Cases\")).nth(2)\n    4) <a href=\"/test_cases\" class=\"test_cases_list\">…</a> aka locator(\"a\").filter(new Locator.FilterOptions().setHasText(\"Test Cases\")).nth(3)\n\n  name='Error\n  stack='Error: Error: strict mode violation: locator(\"//a[@href= '/test_cases']\") resolved to 4 elements:\n    1) <a href=\"/test_cases\">…</a> aka getByRole(AriaRole.LINK, new Page.GetByRoleOptions().setName(\" Test Cases\"))\n    2) <a href=\"/test_cases\" class=\"test_cases_list\">…</a> aka getByRole(AriaRole.LINK, new Page.GetByRoleOptions().setName(\"Test Cases\").setExact(true))\n    3) <a href=\"/test_cases\" class=\"test_cases_list\">…</a> aka locator(\"a\").filter(new Locator.FilterOptions().setHasText(\"Test Cases\")).nth(2)\n    4) <a href=\"/test_cases\" class=\"test_cases_list\">…</a> aka locator(\"a\").filter(new Locator.FilterOptions().setHasText(\"Test Cases\")).nth(3)\n\n    at CRExecutionContext.evaluateWithArguments (C:\\Users\\laxpa\\AppData\\Local\\Temp\\playwright-java-127576380936617839\\package\\lib\\server\\chromium\\crExecutionContext.js:92:33)\n    at async LongStandingScope._race (C:\\Users\\laxpa\\AppData\\Local\\Temp\\playwright-java-127576380936617839\\package\\lib\\utils\\manualPromise.js:96:14)\n    at async evaluateExpression (C:\\Users\\laxpa\\AppData\\Local\\Temp\\playwright-java-127576380936617839\\package\\lib\\server\\javascript.js:241:12)\n    at async C:\\Users\\laxpa\\AppData\\Local\\Temp\\playwright-java-127576380936617839\\package\\lib\\server\\frames.js:947:22\n    at async Frame.retryWithProgressAndTimeouts (C:\\Users\\laxpa\\AppData\\Local\\Temp\\playwright-java-127576380936617839\\package\\lib\\server\\frames.js:917:24)\n    at async C:\\Users\\laxpa\\AppData\\Local\\Temp\\playwright-java-127576380936617839\\package\\lib\\server\\frames.js:1002:29\n    at async ProgressController.run (C:\\Users\\laxpa\\AppData\\Local\\Temp\\playwright-java-127576380936617839\\package\\lib\\server\\progress.js:82:22)\n    at async FrameDispatcher.click (C:\\Users\\laxpa\\AppData\\Local\\Temp\\playwright-java-127576380936617839\\package\\lib\\server\\dispatchers\\frameDispatcher.js:158:12)\n    at async LongStandingScope._race (C:\\Users\\laxpa\\AppData\\Local\\Temp\\playwright-java-127576380936617839\\package\\lib\\utils\\manualPromise.js:96:14)\n    at async FrameDispatcher._handleCommand (C:\\Users\\laxpa\\AppData\\Local\\Temp\\playwright-java-127576380936617839\\package\\lib\\server\\dispatchers\\dispatcher.js:96:14)\n}\nCall log:\n- waiting for locator(\"//a[@href= '/test_cases']\")\n\r\n\tat com.microsoft.playwright.impl.Connection.dispatch(Connection.java:259)\r\n\tat com.microsoft.playwright.impl.Connection.processOneMessage(Connection.java:211)\r\n\tat com.microsoft.playwright.impl.ChannelOwner.runUntil(ChannelOwner.java:118)\r\n\t... 38 more\r\n"},"stage":"finished","steps":[],"attachments":[],"parameters":[],"start":1750159648913,"stop":1750159665438}